xmpp-crypto/build/intermediates/manifest_merge_blame_file/debug/manifest-merger-blame-debug-report.txt
1<?xml version="1.0" encoding="utf-8"?>
2<manifest xmlns:android="http://schemas.android.com/apk/res/android"
3    package="aceim.protocol.snuk182.xmppcrypto"
4    android:installLocation="internalOnly"
5    android:versionCode="3"
6    android:versionName="0.9.3" >
7
8    <uses-sdk
8-->src/main/AndroidManifest.xml:10:5-12:41
9        android:minSdkVersion="5"
9-->src/main/AndroidManifest.xml:11:9-34
10        android:targetSdkVersion="30" />
10-->src/main/AndroidManifest.xml:12:9-38
11
12    <uses-permission android:name="android.permission.INTERNET" />
12-->src/main/AndroidManifest.xml:6:2-64
12-->src/main/AndroidManifest.xml:6:19-61
13    <uses-permission android:name="android.permission.WAKE_LOCK" />
13-->src/main/AndroidManifest.xml:7:2-64
13-->src/main/AndroidManifest.xml:7:19-62
14    <uses-permission android:name="android.permission.WRITE_EXTERNAL_STORAGE" />
14-->src/main/AndroidManifest.xml:8:2-78
14-->src/main/AndroidManifest.xml:8:19-75
15
16    <application
16-->src/main/AndroidManifest.xml:14:5-27:19
17        android:name="aceim.api.application.AceIMBaseApplication"
17-->src/main/AndroidManifest.xml:15:9-66
18        android:allowBackup="true"
18-->src/main/AndroidManifest.xml:16:9-35
19        android:debuggable="true"
20        android:icon="@drawable/ic_launcher"
20-->src/main/AndroidManifest.xml:17:9-45
21        android:label="@string/app_name" >
21-->src/main/AndroidManifest.xml:18:9-41
22        <service
22-->src/main/AndroidManifest.xml:19:9-26:13
23            android:name="aceim.protocol.snuk182.xmppcrypto.XMPPProtocol"
23-->src/main/AndroidManifest.xml:19:18-46
24            android:exported="true"
24-->src/main/AndroidManifest.xml:20:7-30
25            android:process="aceim.protocol.snuk182.xmppcrypto" >
25-->src/main/AndroidManifest.xml:21:7-58
26            <intent-filter>
26-->src/main/AndroidManifest.xml:22:4-25:20
27                <action android:name="aceim.protocol" />
27-->src/main/AndroidManifest.xml:23:5-45
27-->src/main/AndroidManifest.xml:23:13-42
28
29                <category android:name="android.intent.category.DEFAULT" />
29-->src/main/AndroidManifest.xml:24:5-64
29-->src/main/AndroidManifest.xml:24:15-61
30            </intent-filter>
31        </service>
32    </application>
33
34</manifest>